<?xml version="1.0" encoding="UTF-8"?>
<testsuite name="LoginPresenterTest" tests="9" skipped="0" failures="0" errors="0" timestamp="2025-09-14T07:13:10.206Z" hostname="Kriss-MacBook-Air.local" time="0.983">
  <properties/>
  <testcase name="loginFailure_wrongPassword()" classname="LoginPresenterTest" time="0.745"/>
  <testcase name="registerClicked_navigatesToRegister()" classname="LoginPresenterTest" time="0.002"/>
  <testcase name="loginFailure_serverError()" classname="LoginPresenterTest" time="0.003"/>
  <testcase name="loginFailure_timeout()" classname="LoginPresenterTest" time="0.003"/>
  <testcase name="loginSuccess_navigateToRanch()" classname="LoginPresenterTest" time="0.218"/>
  <testcase name="exitPressed_exitsGame()" classname="LoginPresenterTest" time="0.002"/>
  <testcase name="loginFailure_invalidInput()" classname="LoginPresenterTest" time="0.002"/>
  <testcase name="loginFailure_usernameNotFound()" classname="LoginPresenterTest" time="0.001"/>
  <testcase name="loginFailure_interrupted()" classname="LoginPresenterTest" time="0.001"/>
  <system-out><![CDATA[]]></system-out>
  <system-err><![CDATA[Mockito is currently self-attaching to enable the inline-mock-maker. This will no longer work in future releases of the JDK. Please add Mockito as an agent to your build as described in Mockito's documentation: https://javadoc.io/doc/org.mockito/mockito-core/latest/org.mockito/org/mockito/Mockito.html#0.3
WARNING: A Java agent has been loaded dynamically (/Users/kris/.gradle/caches/modules-2/files-2.1/net.bytebuddy/byte-buddy-agent/1.15.11/a38b16385e867f59a641330f0362ebe742788ed8/byte-buddy-agent-1.15.11.jar)
WARNING: If a serviceability tool is in use, please run with -XX:+EnableDynamicAgentLoading to hide this warning
WARNING: If a serviceability tool is not in use, please run with -Djdk.instrument.traceUsage for more information
WARNING: Dynamic loading of agents will be disallowed by default in a future release
]]></system-err>
</testsuite>
