<?xml version="1.0" encoding="UTF-8"?>
<testsuite name="RanchPresenterTest" tests="5" skipped="0" failures="0" errors="0" timestamp="2025-09-14T07:13:11.195Z" hostname="Kriss-MacBook-Air.local" time="0.397">
  <properties/>
  <testcase name="rankingButton_showsRankingPanel()" classname="RanchPresenterTest" time="0.384"/>
  <testcase name="multiplayer_setsModeAndShowsPanel()" classname="RanchPresenterTest" time="0.004"/>
  <testcase name="shopButton_showsShopPanel()" classname="RanchPresenterTest" time="0.002"/>
  <testcase name="raceButton_showsRacePanel()" classname="RanchPresenterTest" time="0.001"/>
  <testcase name="singleplayer_setsModeAndShowsPanel()" classname="RanchPresenterTest" time="0.001"/>
  <system-out><![CDATA[]]></system-out>
  <system-err><![CDATA[]]></system-err>
</testsuite>
